GROUP,PACKAGE,CLASS,INSTRUCTION_MISSED,INSTRUCTION_COVERED,BRANCH_MISSED,BRANCH_COVERED,LINE_MISSED,LINE_COVERED,COMPLEXITY_MISSED,COMPLEXITY_COVERED,METHOD_MISSED,METHOD_COVERED
parking-system,com.parkit.parkingsystem.service,ParkingService,32,250,5,8,11,63,5,9,0,7
parking-system,com.parkit.parkingsystem.service,FareCalculatorService,5,96,2,9,1,21,2,7,0,3
parking-system,com.parkit.parkingsystem.model,Ticket,0,52,0,0,0,22,0,15,0,15
parking-system,com.parkit.parkingsystem.constants,DBConstants,3,0,0,0,1,0,1,0,1,0
parking-system,com.parkit.parkingsystem.constants,Fare,3,0,0,0,1,0,1,0,1,0
parking-system,com.parkit.parkingsystem.constants,ParkingType,0,15,0,0,0,2,0,1,0,1
parking-system,com.parkit.parkingsystem.dao,ParkingSpotDAO,15,92,2,2,5,24,2,4,0,4
parking-system,com.parkit.parkingsystem.dao,TicketDAO,27,247,2,4,10,56,2,7,0,6
